0 info it worked if it ends with ok
1 verbose cli [ '/usr/local/Cellar/node/5.10.1/bin/node',
1 verbose cli   '/usr/local/bin/npm',
1 verbose cli   'publish' ]
2 info using npm@3.8.3
3 info using node@v5.10.1
4 verbose publish [ '.' ]
5 silly cache add args [ '.', null ]
6 verbose cache add spec .
7 silly cache add parsed spec Result {
7 silly cache add   raw: '.',
7 silly cache add   scope: null,
7 silly cache add   name: null,
7 silly cache add   rawSpec: '.',
7 silly cache add   spec: '/Users/nacnud/gitz/node/request-loger',
7 silly cache add   type: 'directory' }
8 verbose addLocalDirectory /Users/nacnud/.npm/request-logger/0.1.5/package.tgz not in flight; packing
9 verbose correctMkdir /Users/nacnud/.npm correctMkdir not in flight; initializing
10 info lifecycle request-logger@0.1.5~prepublish: request-logger@0.1.5
11 silly lifecycle request-logger@0.1.5~prepublish: no script for prepublish, continuing
12 verbose tar pack [ '/Users/nacnud/.npm/request-logger/0.1.5/package.tgz',
12 verbose tar pack   '/Users/nacnud/gitz/node/request-loger' ]
13 verbose tarball /Users/nacnud/.npm/request-logger/0.1.5/package.tgz
14 verbose folder /Users/nacnud/gitz/node/request-loger
15 verbose addLocalTarball adding from inside cache /Users/nacnud/.npm/request-logger/0.1.5/package.tgz
16 verbose correctMkdir /Users/nacnud/.npm correctMkdir not in flight; initializing
17 silly cache afterAdd request-logger@0.1.5
18 verbose afterAdd /Users/nacnud/.npm/request-logger/0.1.5/package/package.json not in flight; writing
19 verbose correctMkdir /Users/nacnud/.npm correctMkdir not in flight; initializing
20 verbose afterAdd /Users/nacnud/.npm/request-logger/0.1.5/package/package.json written
21 silly publish { name: 'request-logger',
21 silly publish   version: '0.1.5',
21 silly publish   description: 'log http requests',
21 silly publish   main: 'server.js',
21 silly publish   bin: { 'request-logger': './server.js' },
21 silly publish   scripts: { test: 'true', start: 'node server.js' },
21 silly publish   author: { name: 'slugbyte' },
21 silly publish   license: 'ISC',
21 silly publish   repository:
21 silly publish    { type: 'git',
21 silly publish      url: 'git+https://github.com/slugbyte/request-logger.git' },
21 silly publish   bugs: { url: 'https://github.com/slugbyte/request-logger/issues' },
21 silly publish   homepage: 'https://github.com/slugbyte/request-logger#readme',
21 silly publish   directories: { test: 'test' },
21 silly publish   readme: '# request-logger\n> color coded http request logger\n\n## output\n![requset-logger output](/assets/requset-logger-output.png)\n## install\n`npm install -g request-logger`\n\n## start server\n``` sh \n# start on default port 7070\nrequset-logger\n```\n``` sh \n# start on default port 4000\nPORT=4000 requset-logger\n```\n## example request with httpie\n``` sh\n# example get request\n\n$ http localhost:7070/hello Accpet:application/json example==\'this is a query string\'\n```\n``` sh\n# example post request with json body\n\n$ echo \'{"name":"testuser"}\' | http POST localhost:7070\n```\n',
21 silly publish   readmeFilename: 'README.md',
21 silly publish   gitHead: 'b5c81ea7794a018d62d2d3b468c593a69c062a4a',
21 silly publish   _id: 'request-logger@0.1.5',
21 silly publish   _shasum: 'e9a0171181942fac06c5640bce8f1915950e61ac',
21 silly publish   _from: '.' }
22 verbose getPublishConfig undefined
23 silly mapToRegistry name request-logger
24 silly mapToRegistry using default registry
25 silly mapToRegistry registry https://registry.npmjs.org/
26 silly mapToRegistry data Result {
26 silly mapToRegistry   raw: 'request-logger',
26 silly mapToRegistry   scope: null,
26 silly mapToRegistry   name: 'request-logger',
26 silly mapToRegistry   rawSpec: '',
26 silly mapToRegistry   spec: 'latest',
26 silly mapToRegistry   type: 'tag' }
27 silly mapToRegistry uri https://registry.npmjs.org/request-logger
28 verbose publish registryBase https://registry.npmjs.org/
29 silly publish uploading /Users/nacnud/.npm/request-logger/0.1.5/package.tgz
30 verbose request uri https://registry.npmjs.org/request-logger
31 verbose request sending authorization for write operation
32 info attempt registry request try #1 at 5:48:48 PM
33 verbose request using bearer token for auth
34 verbose request id 3cfd91444905b003
35 http request PUT https://registry.npmjs.org/request-logger
36 http 403 https://registry.npmjs.org/request-logger
37 verbose headers { 'content-type': 'application/json',
37 verbose headers   'cache-control': 'max-age=300',
37 verbose headers   'content-length': '108',
37 verbose headers   'accept-ranges': 'bytes',
37 verbose headers   date: 'Wed, 13 Apr 2016 00:48:50 GMT',
37 verbose headers   via: '1.1 varnish',
37 verbose headers   connection: 'keep-alive',
37 verbose headers   'x-served-by': 'cache-lax1422-LAX',
37 verbose headers   'x-cache': 'MISS',
37 verbose headers   'x-cache-hits': '0',
37 verbose headers   'x-timer': 'S1460508529.746400,VS0,VE312',
37 verbose headers   vary: 'Accept-Encoding' }
38 verbose request invalidating /Users/nacnud/.npm/registry.npmjs.org/request-logger on PUT
39 error publish Failed PUT 403
40 verbose stack Error: you do not have permission to publish "request-logger". Are you logged in as the correct user? : request-logger
40 verbose stack     at makeError (/usr/local/lib/node_modules/npm/node_modules/npm-registry-client/lib/request.js:264:12)
40 verbose stack     at CachingRegistryClient.<anonymous> (/usr/local/lib/node_modules/npm/node_modules/npm-registry-client/lib/request.js:252:14)
40 verbose stack     at Request._callback (/usr/local/lib/node_modules/npm/node_modules/npm-registry-client/lib/request.js:172:14)
40 verbose stack     at Request.self.callback (/usr/local/lib/node_modules/npm/node_modules/request/request.js:199:22)
40 verbose stack     at emitTwo (events.js:100:13)
40 verbose stack     at Request.emit (events.js:185:7)
40 verbose stack     at Request.<anonymous> (/usr/local/lib/node_modules/npm/node_modules/request/request.js:1036:10)
40 verbose stack     at emitOne (events.js:95:20)
40 verbose stack     at Request.emit (events.js:182:7)
40 verbose stack     at IncomingMessage.<anonymous> (/usr/local/lib/node_modules/npm/node_modules/request/request.js:963:12)
41 verbose statusCode 403
42 verbose pkgid request-logger
43 verbose cwd /Users/nacnud/gitz/node/request-loger
44 error Darwin 15.0.0
45 error argv "/usr/local/Cellar/node/5.10.1/bin/node" "/usr/local/bin/npm" "publish"
46 error node v5.10.1
47 error npm  v3.8.3
48 error code E403
49 error you do not have permission to publish "request-logger". Are you logged in as the correct user? : request-logger
50 error If you need help, you may report this error at:
50 error     <https://github.com/npm/npm/issues>
51 verbose exit [ 1, true ]
